<?xml version="1.0" encoding="UTF-8"?>
<!-- Generated by org.testng.reporters.JUnitReportReporter -->
<testsuite hostname="LT07741" name="automationTestCases.Policies_Page_Add_Comment_Firefox_Content_Author" tests="1" failures="0" timestamp="23 Jun 2016 08:41:02 GMT" time="52.926" errors="0">
  <testcase name="main" time="52.926" classname="automationTestCases.Policies_Page_Add_Comment_Firefox_Content_Author"/>
</testsuite> <!-- automationTestCases.Policies_Page_Add_Comment_Firefox_Content_Author -->
