<?xml version="1.0" encoding="UTF-8"?>
<!-- Generated by org.testng.reporters.JUnitReportReporter -->
<testsuite hostname="LT07741" name="automationTestCases.Policies_Page_Delete_Other_Comment_Firefox_Administrator" tests="1" failures="0" timestamp="27 Jun 2016 14:55:07 GMT" time="305.113" errors="0">
  <testcase name="main" time="305.113" classname="automationTestCases.Policies_Page_Delete_Other_Comment_Firefox_Administrator"/>
</testsuite> <!-- automationTestCases.Policies_Page_Delete_Other_Comment_Firefox_Administrator -->
