<?xml version="1.0" encoding="UTF-8"?>
<!-- Generated by org.testng.reporters.JUnitReportReporter -->
<testsuite hostname="LT07741" name="automationTestCases.Policies_Page_Delete_Comment_Firefox_Administrator" tests="1" failures="0" timestamp="17 Jun 2016 08:03:58 GMT" time="45.572" errors="0">
  <testcase name="main" time="45.572" classname="automationTestCases.Policies_Page_Delete_Comment_Firefox_Administrator"/>
</testsuite> <!-- automationTestCases.Policies_Page_Delete_Comment_Firefox_Administrator -->
