<?xml version="1.0" encoding="UTF-8"?>
<testng-results skipped="1" failed="0" total="1" passed="0">
  <reporter-output>
  </reporter-output>
  <suite name="Default suite" duration-ms="89" started-at="2017-02-15T11:23:36Z" finished-at="2017-02-15T11:23:36Z">
    <groups>
    </groups>
    <test name="Default test" duration-ms="89" started-at="2017-02-15T11:23:36Z" finished-at="2017-02-15T11:23:36Z">
      <class name="automationTestCases.Add_An_App_Check_Links_Firefox_Administrator">
        <test-method status="FAIL" signature="beforeMethod()[pri:0, instance:automationTestCases.Add_An_App_Check_Links_Firefox_Administrator@46d56d67]" name="beforeMethod" is-config="true" duration-ms="0" started-at="2017-02-15T11:23:36Z" finished-at="2017-02-15T11:23:36Z">
          <exception class="java.io.FileNotFoundException">
            <message>
              <![CDATA[C:\Users\rcruickshank655\workspace\StandardLifeProjectFramework\src\testData\Add_An_App_Check_Links_Firefox_Administrator.xlsx (The system cannot find the path specified)]]>
            </message>
            <full-stacktrace>
              <![CDATA[java.io.FileNotFoundException: C:\Users\rcruickshank655\workspace\StandardLifeProjectFramework\src\testData\Add_An_App_Check_Links_Firefox_Administrator.xlsx (The system cannot find the path specified)
	at java.io.FileInputStream.open0(Native Method)
	at java.io.FileInputStream.open(FileInputStream.java:195)
	at java.io.FileInputStream.<init>(FileInputStream.java:138)
	at java.io.FileInputStream.<init>(FileInputStream.java:93)
	at utility.ExcelUtils.setExcelFile(ExcelUtils.java:52)
	at automationTestCases.Add_An_App_Check_Links_Firefox_Administrator.beforeMethod(Add_An_App_Check_Links_Firefox_Administrator.java:48)
	at sun.reflect.NativeMethodAccessorImpl.invoke0(Native Method)
	at sun.reflect.NativeMethodAccessorImpl.invoke(NativeMethodAccessorImpl.java:62)
	at sun.reflect.DelegatingMethodAccessorImpl.invoke(DelegatingMethodAccessorImpl.java:43)
	at java.lang.reflect.Method.invoke(Method.java:498)
	at org.testng.internal.MethodInvocationHelper.invokeMethod(MethodInvocationHelper.java:85)
	at org.testng.internal.Invoker.invokeConfigurationMethod(Invoker.java:510)
	at org.testng.internal.Invoker.invokeConfigurations(Invoker.java:211)
	at org.testng.internal.Invoker.invokeMethod(Invoker.java:585)
	at org.testng.internal.Invoker.invokeTestMethod(Invoker.java:816)
	at org.testng.internal.Invoker.invokeTestMethods(Invoker.java:1124)
	at org.testng.internal.TestMethodWorker.invokeTestMethods(TestMethodWorker.java:125)
	at org.testng.internal.TestMethodWorker.run(TestMethodWorker.java:108)
	at org.testng.TestRunner.privateRun(TestRunner.java:774)
	at org.testng.TestRunner.run(TestRunner.java:624)
	at org.testng.SuiteRunner.runTest(SuiteRunner.java:359)
	at org.testng.SuiteRunner.runSequentially(SuiteRunner.java:354)
	at org.testng.SuiteRunner.privateRun(SuiteRunner.java:312)
	at org.testng.SuiteRunner.run(SuiteRunner.java:261)
	at org.testng.SuiteRunnerWorker.runSuite(SuiteRunnerWorker.java:52)
	at org.testng.SuiteRunnerWorker.run(SuiteRunnerWorker.java:86)
	at org.testng.TestNG.runSuitesSequentially(TestNG.java:1215)
	at org.testng.TestNG.runSuitesLocally(TestNG.java:1140)
	at org.testng.TestNG.run(TestNG.java:1048)
	at org.testng.remote.AbstractRemoteTestNG.run(AbstractRemoteTestNG.java:132)
	at org.testng.remote.RemoteTestNG.initAndRun(RemoteTestNG.java:236)
	at org.testng.remote.RemoteTestNG.main(RemoteTestNG.java:81)
]]>
            </full-stacktrace>
          </exception> <!-- java.io.FileNotFoundException -->
          <reporter-output>
          </reporter-output>
        </test-method> <!-- beforeMethod -->
        <test-method status="SKIP" signature="main()[pri:0, instance:automationTestCases.Add_An_App_Check_Links_Firefox_Administrator@46d56d67]" name="main" duration-ms="2" started-at="2017-02-15T11:23:36Z" finished-at="2017-02-15T11:23:36Z">
          <reporter-output>
          </reporter-output>
        </test-method> <!-- main -->
        <test-method status="SKIP" signature="afterMethod()[pri:0, instance:automationTestCases.Add_An_App_Check_Links_Firefox_Administrator@46d56d67]" name="afterMethod" is-config="true" duration-ms="0" started-at="2017-02-15T11:23:36Z" finished-at="2017-02-15T11:23:36Z">
          <reporter-output>
          </reporter-output>
        </test-method> <!-- afterMethod -->
      </class> <!-- automationTestCases.Add_An_App_Check_Links_Firefox_Administrator -->
    </test> <!-- Default test -->
  </suite> <!-- Default suite -->
</testng-results>
