<?xml version="1.0" encoding="UTF-8"?>
<testng-results skipped="0" failed="0" total="1" passed="1">
  <reporter-output>
  </reporter-output>
  <suite name="Default suite" duration-ms="120285" started-at="2016-06-28T11:51:27Z" finished-at="2016-06-28T11:53:28Z">
    <groups>
    </groups>
    <test name="Default test" duration-ms="120285" started-at="2016-06-28T11:51:27Z" finished-at="2016-06-28T11:53:28Z">
      <class name="automationTestCases.Policies_Page_Edit_Other_Comment_IE_Visitor">
        <test-method status="PASS" signature="beforeMethod()[pri:0, instance:automationTestCases.Policies_Page_Edit_Other_Comment_IE_Visitor@17c68925]" name="beforeMethod" is-config="true" duration-ms="17018" started-at="2016-06-28T12:51:27Z" finished-at="2016-06-28T12:51:44Z">
          <reporter-output>
          </reporter-output>
        </test-method> <!-- beforeMethod -->
        <test-method status="PASS" signature="main()[pri:0, instance:automationTestCases.Policies_Page_Edit_Other_Comment_IE_Visitor@17c68925]" name="main" duration-ms="102582" started-at="2016-06-28T12:51:44Z" finished-at="2016-06-28T12:53:27Z">
          <reporter-output>
          </reporter-output>
        </test-method> <!-- main -->
        <test-method status="PASS" signature="afterMethod()[pri:0, instance:automationTestCases.Policies_Page_Edit_Other_Comment_IE_Visitor@17c68925]" name="afterMethod" is-config="true" duration-ms="670" started-at="2016-06-28T12:53:27Z" finished-at="2016-06-28T12:53:28Z">
          <reporter-output>
          </reporter-output>
        </test-method> <!-- afterMethod -->
      </class> <!-- automationTestCases.Policies_Page_Edit_Other_Comment_IE_Visitor -->
    </test> <!-- Default test -->
  </suite> <!-- Default suite -->
</testng-results>
